Release 14.7 - ngc2edif P.20131013 (lin64)
Copyright (c) 1995-2013 Xilinx, Inc.  All rights reserved.
Reading design tdc_main.ngc ...
WARNING:NetListWriters:298 - No output is written to tdc_main.xncf, ignored.
Processing design ...
   Preping design's networks ...
   Preping design's macros ...
  finished :Prep
Writing EDIF netlist file tdc_main.edif ...
ngc2edif: Total memory usage is 92204 kilobytes

Release 14.7 - ngc2edif P.20131013 (lin64)
Copyright (c) 1995-2013 Xilinx, Inc.  All rights reserved.
Reading design tdc_main.ngc ...
WARNING:NetListWriters:298 - No output is written to tdc_main.xncf, ignored.
Processing design ...
   Preping design's networks ...
   Preping design's macros ...
  finished :Prep
Writing EDIF netlist file tdc_main.edif ...
ngc2edif: Total memory usage is 92208 kilobytes

